<?xml version="1.0" encoding="UTF-8"?>
<coverage generated="1699019527944" clover="3.2.0">
  <project timestamp="1699019527944" name="All files">
    <metrics statements="48" coveredstatements="39" conditionals="4" coveredconditionals="2" methods="22" coveredmethods="14" elements="74" coveredelements="55" complexity="0" loc="48" ncloc="48" packages="3" files="10" classes="10"/>
    <package name="apis">
      <metrics statements="8" coveredstatements="8" conditionals="0" coveredconditionals="0" methods="5" coveredmethods="5"/>
      <file name="Api.js" path="/Users/ajilla/Documents/vue_practice/poc_vue/ecom_site/src/apis/Api.js">
        <metrics statements="1" coveredstatements="1" conditionals="0" coveredconditionals="0" methods="0" coveredmethods="0"/>
        <line num="3" count="3" type="stmt"/>
      </file>
      <file name="Cart.js" path="/Users/ajilla/Documents/vue_practice/poc_vue/ecom_site/src/apis/Cart.js">
        <metrics statements="4" coveredstatements="4" conditionals="0" coveredconditionals="0" methods="3" coveredmethods="3"/>
        <line num="3" count="3" type="stmt"/>
        <line num="7" count="1" type="stmt"/>
        <line num="10" count="2" type="stmt"/>
        <line num="13" count="2" type="stmt"/>
      </file>
      <file name="Product.js" path="/Users/ajilla/Documents/vue_practice/poc_vue/ecom_site/src/apis/Product.js">
        <metrics statements="3" coveredstatements="3" conditionals="0" coveredconditionals="0" methods="2" coveredmethods="2"/>
        <line num="3" count="2" type="stmt"/>
        <line num="7" count="1" type="stmt"/>
        <line num="11" count="1" type="stmt"/>
      </file>
    </package>
    <package name="store.modules.cart">
      <metrics statements="30" coveredstatements="27" conditionals="4" coveredconditionals="2" methods="11" coveredmethods="9"/>
      <file name="actions.js" path="/Users/ajilla/Documents/vue_practice/poc_vue/ecom_site/src/store/modules/cart/actions.js">
        <metrics statements="14" coveredstatements="11" conditionals="2" coveredconditionals="0" methods="5" coveredmethods="3"/>
        <line num="3" count="2" type="stmt"/>
        <line num="4" count="1" type="stmt"/>
        <line num="5" count="1" type="stmt"/>
        <line num="7" count="1" type="stmt"/>
        <line num="10" count="1" type="stmt"/>
        <line num="18" count="2" type="stmt"/>
        <line num="19" count="0" type="stmt"/>
        <line num="21" count="0" type="cond" truecount="0" falsecount="2"/>
        <line num="22" count="0" type="stmt"/>
        <line num="26" count="2" type="stmt"/>
        <line num="27" count="1" type="stmt"/>
        <line num="28" count="1" type="stmt"/>
        <line num="31" count="2" type="stmt"/>
        <line num="32" count="1" type="stmt"/>
      </file>
      <file name="mutations.js" path="/Users/ajilla/Documents/vue_practice/poc_vue/ecom_site/src/store/modules/cart/mutations.js">
        <metrics statements="16" coveredstatements="16" conditionals="2" coveredconditionals="2" methods="6" coveredmethods="6"/>
        <line num="1" count="1" type="stmt"/>
        <line num="2" count="4" type="stmt"/>
        <line num="3" count="4" type="stmt"/>
        <line num="4" count="2" type="stmt"/>
        <line num="6" count="4" type="cond" truecount="2" falsecount="0"/>
        <line num="7" count="1" type="stmt"/>
        <line num="8" count="1" type="stmt"/>
        <line num="11" count="3" type="stmt"/>
        <line num="15" count="3" type="stmt"/>
        <line num="18" count="1" type="stmt"/>
        <line num="19" count="1" type="stmt"/>
        <line num="22" count="1" type="stmt"/>
        <line num="23" count="1" type="stmt"/>
        <line num="24" count="1" type="stmt"/>
        <line num="28" count="1" type="stmt"/>
        <line num="29" count="2" type="stmt"/>
      </file>
    </package>
    <package name="store.modules.product">
      <metrics statements="10" coveredstatements="4" conditionals="0" coveredconditionals="0" methods="6" coveredmethods="0"/>
      <file name="actions.js" path="/Users/ajilla/Documents/vue_practice/poc_vue/ecom_site/src/store/modules/product/actions.js">
        <metrics statements="6" coveredstatements="2" conditionals="0" coveredconditionals="0" methods="4" coveredmethods="0"/>
        <line num="3" count="1" type="stmt"/>
        <line num="4" count="0" type="stmt"/>
        <line num="5" count="0" type="stmt"/>
        <line num="9" count="1" type="stmt"/>
        <line num="10" count="0" type="stmt"/>
        <line num="11" count="0" type="stmt"/>
      </file>
      <file name="getters.js" path="/Users/ajilla/Documents/vue_practice/poc_vue/ecom_site/src/store/modules/product/getters.js">
        <metrics statements="0" coveredstatements="0" conditionals="0" coveredconditionals="0" methods="0" coveredmethods="0"/>
      </file>
      <file name="index.js" path="/Users/ajilla/Documents/vue_practice/poc_vue/ecom_site/src/store/modules/product/index.js">
        <metrics statements="0" coveredstatements="0" conditionals="0" coveredconditionals="0" methods="0" coveredmethods="0"/>
      </file>
      <file name="mutations.js" path="/Users/ajilla/Documents/vue_practice/poc_vue/ecom_site/src/store/modules/product/mutations.js">
        <metrics statements="4" coveredstatements="2" conditionals="0" coveredconditionals="0" methods="2" coveredmethods="0"/>
        <line num="1" count="1" type="stmt"/>
        <line num="2" count="0" type="stmt"/>
        <line num="5" count="1" type="stmt"/>
        <line num="6" count="0" type="stmt"/>
      </file>
      <file name="state.js" path="/Users/ajilla/Documents/vue_practice/poc_vue/ecom_site/src/store/modules/product/state.js">
        <metrics statements="0" coveredstatements="0" conditionals="0" coveredconditionals="0" methods="0" coveredmethods="0"/>
      </file>
    </package>
  </project>
</coverage>
