{"/Users/ajilla/Documents/vue_practice/poc_vue/ecom_site/src/apis/Api.js": {"path":"/Users/ajilla/Documents/vue_practice/poc_vue/ecom_site/src/apis/Api.js","statementMap":{"0":{"start":{"line":3,"column":12},"end":{"line":5,"column":2}}},"fnMap":{},"branchMap":{},"s":{"0":3},"f":{},"b":{},"_coverageSchema":"1a1c01bbd47fc00a2c39e90264f33305004495a9","hash":"6cd0197f1dfca25920487972e58ed729fb63b665"}
,"/Users/ajilla/Documents/vue_practice/poc_vue/ecom_site/src/apis/Cart.js": {"path":"/Users/ajilla/Documents/vue_practice/poc_vue/ecom_site/src/apis/Cart.js","statementMap":{"0":{"start":{"line":3,"column":18},"end":{"line":3,"column":25}},"1":{"start":{"line":7,"column":8},"end":{"line":7,"column":34}},"2":{"start":{"line":10,"column":8},"end":{"line":10,"column":41}},"3":{"start":{"line":13,"column":8},"end":{"line":13,"column":48}}},"fnMap":{"0":{"name":"(anonymous_0)","decl":{"start":{"line":6,"column":4},"end":{"line":6,"column":5}},"loc":{"start":{"line":6,"column":10},"end":{"line":8,"column":5}},"line":6},"1":{"name":"(anonymous_1)","decl":{"start":{"line":9,"column":4},"end":{"line":9,"column":5}},"loc":{"start":{"line":9,"column":16},"end":{"line":11,"column":5}},"line":9},"2":{"name":"(anonymous_2)","decl":{"start":{"line":12,"column":4},"end":{"line":12,"column":5}},"loc":{"start":{"line":12,"column":15},"end":{"line":14,"column":5}},"line":12}},"branchMap":{},"s":{"0":3,"1":1,"2":2,"3":2},"f":{"0":1,"1":2,"2":2},"b":{},"_coverageSchema":"1a1c01bbd47fc00a2c39e90264f33305004495a9","hash":"eb95870c39813e6f70d8455b9123d70253b963aa"}
,"/Users/ajilla/Documents/vue_practice/poc_vue/ecom_site/src/apis/Product.js": {"path":"/Users/ajilla/Documents/vue_practice/poc_vue/ecom_site/src/apis/Product.js","statementMap":{"0":{"start":{"line":3,"column":18},"end":{"line":3,"column":28}},"1":{"start":{"line":7,"column":8},"end":{"line":7,"column":34}},"2":{"start":{"line":11,"column":8},"end":{"line":11,"column":45}}},"fnMap":{"0":{"name":"(anonymous_0)","decl":{"start":{"line":6,"column":4},"end":{"line":6,"column":5}},"loc":{"start":{"line":6,"column":10},"end":{"line":8,"column":5}},"line":6},"1":{"name":"(anonymous_1)","decl":{"start":{"line":10,"column":4},"end":{"line":10,"column":5}},"loc":{"start":{"line":10,"column":13},"end":{"line":12,"column":5}},"line":10}},"branchMap":{},"s":{"0":2,"1":1,"2":1},"f":{"0":1,"1":1},"b":{},"_coverageSchema":"1a1c01bbd47fc00a2c39e90264f33305004495a9","hash":"944881edc1b502a765014f73cdcf1ac05830f64a"}
,"/Users/ajilla/Documents/vue_practice/poc_vue/ecom_site/src/store/modules/cart/actions.js": {"path":"/Users/ajilla/Documents/vue_practice/poc_vue/ecom_site/src/store/modules/cart/actions.js","statementMap":{"0":{"start":{"line":3,"column":32},"end":{"line":14,"column":1}},"1":{"start":{"line":4,"column":4},"end":{"line":4,"column":53}},"2":{"start":{"line":5,"column":3},"end":{"line":5,"column":54}},"3":{"start":{"line":7,"column":4},"end":{"line":7,"column":49}},"4":{"start":{"line":10,"column":4},"end":{"line":13,"column":7}},"5":{"start":{"line":18,"column":28},"end":{"line":24,"column":1}},"6":{"start":{"line":19,"column":4},"end":{"line":23,"column":6}},"7":{"start":{"line":21,"column":29},"end":{"line":21,"column":48}},"8":{"start":{"line":22,"column":8},"end":{"line":22,"column":41}},"9":{"start":{"line":26,"column":37},"end":{"line":29,"column":1}},"10":{"start":{"line":27,"column":4},"end":{"line":27,"column":48}},"11":{"start":{"line":28,"column":4},"end":{"line":28,"column":28}},"12":{"start":{"line":31,"column":30},"end":{"line":33,"column":1}},"13":{"start":{"line":32,"column":4},"end":{"line":32,"column":31}}},"fnMap":{"0":{"name":"(anonymous_0)","decl":{"start":{"line":3,"column":32},"end":{"line":3,"column":33}},"loc":{"start":{"line":3,"column":71},"end":{"line":14,"column":1}},"line":3},"1":{"name":"(anonymous_1)","decl":{"start":{"line":18,"column":28},"end":{"line":18,"column":29}},"loc":{"start":{"line":18,"column":44},"end":{"line":24,"column":1}},"line":18},"2":{"name":"(anonymous_2)","decl":{"start":{"line":19,"column":20},"end":{"line":19,"column":21}},"loc":{"start":{"line":19,"column":32},"end":{"line":23,"column":5}},"line":19},"3":{"name":"(anonymous_3)","decl":{"start":{"line":26,"column":37},"end":{"line":26,"column":38}},"loc":{"start":{"line":26,"column":62},"end":{"line":29,"column":1}},"line":26},"4":{"name":"(anonymous_4)","decl":{"start":{"line":31,"column":30},"end":{"line":31,"column":31}},"loc":{"start":{"line":31,"column":46},"end":{"line":33,"column":1}},"line":31}},"branchMap":{"0":{"loc":{"start":{"line":21,"column":29},"end":{"line":21,"column":48}},"type":"binary-expr","locations":[{"start":{"line":21,"column":29},"end":{"line":21,"column":31}},{"start":{"line":21,"column":35},"end":{"line":21,"column":48}}],"line":21}},"s":{"0":2,"1":1,"2":1,"3":1,"4":1,"5":2,"6":0,"7":0,"8":0,"9":2,"10":1,"11":1,"12":2,"13":1},"f":{"0":1,"1":0,"2":0,"3":1,"4":1},"b":{"0":[0,0]},"_coverageSchema":"1a1c01bbd47fc00a2c39e90264f33305004495a9","hash":"2bf216e6804babd985031a028004e2c96c7c4c75"}
,"/Users/ajilla/Documents/vue_practice/poc_vue/ecom_site/src/store/modules/cart/mutations.js": {"path":"/Users/ajilla/Documents/vue_practice/poc_vue/ecom_site/src/store/modules/cart/mutations.js","statementMap":{"0":{"start":{"line":1,"column":27},"end":{"line":16,"column":1}},"1":{"start":{"line":2,"column":4},"end":{"line":2,"column":22}},"2":{"start":{"line":3,"column":24},"end":{"line":5,"column":6}},"3":{"start":{"line":4,"column":8},"end":{"line":4,"column":47}},"4":{"start":{"line":6,"column":4},"end":{"line":9,"column":5}},"5":{"start":{"line":7,"column":8},"end":{"line":7,"column":43}},"6":{"start":{"line":8,"column":8},"end":{"line":8,"column":15}},"7":{"start":{"line":11,"column":4},"end":{"line":14,"column":6}},"8":{"start":{"line":15,"column":4},"end":{"line":15,"column":43}},"9":{"start":{"line":18,"column":24},"end":{"line":20,"column":1}},"10":{"start":{"line":19,"column":4},"end":{"line":19,"column":27}},"11":{"start":{"line":22,"column":40},"end":{"line":26,"column":1}},"12":{"start":{"line":23,"column":4},"end":{"line":25,"column":6}},"13":{"start":{"line":24,"column":8},"end":{"line":24,"column":46}},"14":{"start":{"line":28,"column":32},"end":{"line":30,"column":1}},"15":{"start":{"line":29,"column":4},"end":{"line":29,"column":20}}},"fnMap":{"0":{"name":"(anonymous_0)","decl":{"start":{"line":1,"column":27},"end":{"line":1,"column":28}},"loc":{"start":{"line":1,"column":61},"end":{"line":16,"column":1}},"line":1},"1":{"name":"(anonymous_1)","decl":{"start":{"line":3,"column":41},"end":{"line":3,"column":42}},"loc":{"start":{"line":3,"column":49},"end":{"line":5,"column":5}},"line":3},"2":{"name":"(anonymous_2)","decl":{"start":{"line":18,"column":24},"end":{"line":18,"column":25}},"loc":{"start":{"line":18,"column":46},"end":{"line":20,"column":1}},"line":18},"3":{"name":"(anonymous_3)","decl":{"start":{"line":22,"column":40},"end":{"line":22,"column":41}},"loc":{"start":{"line":22,"column":60},"end":{"line":26,"column":1}},"line":22},"4":{"name":"(anonymous_4)","decl":{"start":{"line":23,"column":35},"end":{"line":23,"column":36}},"loc":{"start":{"line":23,"column":43},"end":{"line":25,"column":5}},"line":23},"5":{"name":"(anonymous_5)","decl":{"start":{"line":28,"column":32},"end":{"line":28,"column":33}},"loc":{"start":{"line":28,"column":43},"end":{"line":30,"column":1}},"line":28}},"branchMap":{"0":{"loc":{"start":{"line":6,"column":4},"end":{"line":9,"column":5}},"type":"if","locations":[{"start":{"line":6,"column":4},"end":{"line":9,"column":5}},{"start":{},"end":{}}],"line":6}},"s":{"0":1,"1":4,"2":4,"3":2,"4":4,"5":1,"6":1,"7":3,"8":3,"9":1,"10":1,"11":1,"12":1,"13":1,"14":1,"15":2},"f":{"0":4,"1":2,"2":1,"3":1,"4":1,"5":2},"b":{"0":[1,3]},"_coverageSchema":"1a1c01bbd47fc00a2c39e90264f33305004495a9","hash":"dd0f5ca63f459b8925ff066f3e95f5b6363a25a4"}
,"/Users/ajilla/Documents/vue_practice/poc_vue/ecom_site/src/store/modules/product/actions.js": {"path":"/Users/ajilla/Documents/vue_practice/poc_vue/ecom_site/src/store/modules/product/actions.js","statementMap":{"0":{"start":{"line":3,"column":27},"end":{"line":7,"column":1}},"1":{"start":{"line":4,"column":4},"end":{"line":6,"column":6}},"2":{"start":{"line":5,"column":8},"end":{"line":5,"column":46}},"3":{"start":{"line":9,"column":26},"end":{"line":13,"column":1}},"4":{"start":{"line":10,"column":4},"end":{"line":12,"column":6}},"5":{"start":{"line":11,"column":8},"end":{"line":11,"column":45}}},"fnMap":{"0":{"name":"(anonymous_0)","decl":{"start":{"line":3,"column":27},"end":{"line":3,"column":28}},"loc":{"start":{"line":3,"column":43},"end":{"line":7,"column":1}},"line":3},"1":{"name":"(anonymous_1)","decl":{"start":{"line":4,"column":23},"end":{"line":4,"column":24}},"loc":{"start":{"line":4,"column":35},"end":{"line":6,"column":5}},"line":4},"2":{"name":"(anonymous_2)","decl":{"start":{"line":9,"column":26},"end":{"line":9,"column":27}},"loc":{"start":{"line":9,"column":53},"end":{"line":13,"column":1}},"line":9},"3":{"name":"(anonymous_3)","decl":{"start":{"line":10,"column":33},"end":{"line":10,"column":34}},"loc":{"start":{"line":10,"column":45},"end":{"line":12,"column":5}},"line":10}},"branchMap":{},"s":{"0":1,"1":0,"2":0,"3":1,"4":0,"5":0},"f":{"0":0,"1":0,"2":0,"3":0},"b":{},"_coverageSchema":"1a1c01bbd47fc00a2c39e90264f33305004495a9","hash":"4f0789b58e66045cc74ccbd27fabec92eda2e4ff"}
,"/Users/ajilla/Documents/vue_practice/poc_vue/ecom_site/src/store/modules/product/getters.js": {"path":"/Users/ajilla/Documents/vue_practice/poc_vue/ecom_site/src/store/modules/product/getters.js","statementMap":{},"fnMap":{},"branchMap":{},"s":{},"f":{},"b":{},"_coverageSchema":"1a1c01bbd47fc00a2c39e90264f33305004495a9","hash":"98e5fe6bc12effd7edddd75fa026830a4beba1d1"}
,"/Users/ajilla/Documents/vue_practice/poc_vue/ecom_site/src/store/modules/product/index.js": {"path":"/Users/ajilla/Documents/vue_practice/poc_vue/ecom_site/src/store/modules/product/index.js","statementMap":{},"fnMap":{},"branchMap":{},"s":{},"f":{},"b":{},"_coverageSchema":"1a1c01bbd47fc00a2c39e90264f33305004495a9","hash":"5674e366215e1cdd4b127cb70dfd27c6a4f5533e"}
,"/Users/ajilla/Documents/vue_practice/poc_vue/ecom_site/src/store/modules/product/mutations.js": {"path":"/Users/ajilla/Documents/vue_practice/poc_vue/ecom_site/src/store/modules/product/mutations.js","statementMap":{"0":{"start":{"line":1,"column":28},"end":{"line":3,"column":1}},"1":{"start":{"line":2,"column":4},"end":{"line":2,"column":30}},"2":{"start":{"line":5,"column":27},"end":{"line":7,"column":1}},"3":{"start":{"line":6,"column":4},"end":{"line":6,"column":28}}},"fnMap":{"0":{"name":"(anonymous_0)","decl":{"start":{"line":1,"column":28},"end":{"line":1,"column":29}},"loc":{"start":{"line":1,"column":49},"end":{"line":3,"column":1}},"line":1},"1":{"name":"(anonymous_1)","decl":{"start":{"line":5,"column":27},"end":{"line":5,"column":28}},"loc":{"start":{"line":5,"column":47},"end":{"line":7,"column":1}},"line":5}},"branchMap":{},"s":{"0":1,"1":0,"2":1,"3":0},"f":{"0":0,"1":0},"b":{},"_coverageSchema":"1a1c01bbd47fc00a2c39e90264f33305004495a9","hash":"e4976425a0863f6fd14d5ed844e34cb37427622b"}
,"/Users/ajilla/Documents/vue_practice/poc_vue/ecom_site/src/store/modules/product/state.js": {"path":"/Users/ajilla/Documents/vue_practice/poc_vue/ecom_site/src/store/modules/product/state.js","statementMap":{},"fnMap":{},"branchMap":{},"s":{},"f":{},"b":{},"_coverageSchema":"1a1c01bbd47fc00a2c39e90264f33305004495a9","hash":"16ec726b7596836b34f3ce2d866cade590393ebe"}
}
